<?xml version="1.0" encoding="UTF-8"?>
<robot generator="Robot 7.2.2 (Python 3.13.1 on win32)" generated="2025-04-12T11:11:25.746640" rpa="false" schemaversion="5">
<suite id="s1" name="Firsttest" source="D:\Workspace\project\wsb_12_04_25\first_test_robot\firsttest.robot">
<test id="s1-t1" name="Hello World Name" line="5">
<kw name="Evaluate" owner="BuiltIn">
<msg time="2025-04-12T11:11:25.785195" level="INFO">${result} = 4</msg>
<var>${result}</var>
<arg>2+2</arg>
<doc>Evaluates the given expression in Python and returns the result.</doc>
<status status="PASS" start="2025-04-12T11:11:25.784881" elapsed="0.000361"/>
</kw>
<kw name="Should Be Equal As Integers" owner="BuiltIn">
<msg time="2025-04-12T11:11:25.785856" level="INFO">Argument types are:
&lt;class 'int'&gt;
&lt;class 'str'&gt;</msg>
<arg>${result}</arg>
<arg>4</arg>
<doc>Fails if objects are unequal after converting them to integers.</doc>
<status status="PASS" start="2025-04-12T11:11:25.785647" elapsed="0.000285"/>
</kw>
<doc>Test sprawdza czy 2+2=4</doc>
<status status="PASS" start="2025-04-12T11:11:25.783866" elapsed="0.002399"/>
</test>
<doc>Przykładowy pierwszy test w Robot Framework</doc>
<status status="PASS" start="2025-04-12T11:11:25.748787" elapsed="0.038553"/>
</suite>
<statistics>
<total>
<stat pass="1" fail="0" skip="0">All Tests</stat>
</total>
<tag>
</tag>
<suite>
<stat name="Firsttest" id="s1" pass="1" fail="0" skip="0">Firsttest</stat>
</suite>
</statistics>
<errors>
</errors>
</robot>
