<?xml version="1.0" encoding="UTF-8"?>
<robot generator="Robot 7.2.2 (Python 3.13.1 on win32)" generated="2025-04-12T11:19:07.633814" rpa="false" schemaversion="5">
<suite id="s1" name="Len" source="D:\Workspace\project\wsb_12_04_25\len_test_robot\len.robot">
<test id="s1-t1" name="String Length Test" line="5">
<kw name="Set Variable" owner="BuiltIn">
<msg time="2025-04-12T11:19:07.675776" level="INFO">${text} = Hello, World!</msg>
<var>${text}</var>
<arg>Hello, World!</arg>
<doc>Returns the given values which can then be assigned to a variables.</doc>
<status status="PASS" start="2025-04-12T11:19:07.675524" elapsed="0.000305"/>
</kw>
<kw name="Evaluate" owner="BuiltIn">
<msg time="2025-04-12T11:19:07.676593" level="INFO">${length} = 13</msg>
<var>${length}</var>
<arg>len("${text}")</arg>
<doc>Evaluates the given expression in Python and returns the result.</doc>
<status status="PASS" start="2025-04-12T11:19:07.676252" elapsed="0.000378"/>
</kw>
<kw name="Should Be Equal As Numbers" owner="BuiltIn">
<msg time="2025-04-12T11:19:07.677133" level="INFO">Argument types are:
&lt;class 'int'&gt;
&lt;class 'str'&gt;</msg>
<arg>${length}</arg>
<arg>13</arg>
<doc>Fails if objects are unequal after converting them to real numbers.</doc>
<status status="PASS" start="2025-04-12T11:19:07.676930" elapsed="0.000284"/>
</kw>
<doc>Test the length of a string</doc>
<status status="PASS" start="2025-04-12T11:19:07.674511" elapsed="0.003163"/>
</test>
<doc>Test for len function</doc>
<status status="PASS" start="2025-04-12T11:19:07.635602" elapsed="0.043232"/>
</suite>
<statistics>
<total>
<stat pass="1" fail="0" skip="0">All Tests</stat>
</total>
<tag>
</tag>
<suite>
<stat name="Len" id="s1" pass="1" fail="0" skip="0">Len</stat>
</suite>
</statistics>
<errors>
</errors>
</robot>
